C:\USERS\MARC.COOPERSOFTWARE\DROPBOX\DISSERTATION\CODE\PROJECT1\PROJECT1\DEBUG\VC110.PDB
C:\USERS\MARC.COOPERSOFTWARE\DROPBOX\DISSERTATION\CODE\PROJECT1\PROJECT1\DEBUG\TEST.OBJ
C:\USERS\MARC.COOPERSOFTWARE\DROPBOX\DISSERTATION\CODE\PROJECT1\DEBUG\PROJECT1.ILK
C:\USERS\MARC.COOPERSOFTWARE\DROPBOX\DISSERTATION\CODE\PROJECT1\DEBUG\PROJECT1.EXE
C:\USERS\MARC.COOPERSOFTWARE\DROPBOX\DISSERTATION\CODE\PROJECT1\DEBUG\PROJECT1.PDB
C:\Users\Marc.COOPERSOFTWARE\Dropbox\Dissertation\Code\Project1\Project1\Debug\Test.obj
C:\Users\Marc.COOPERSOFTWARE\Dropbox\Dissertation\Code\Project1\Project1\Debug\cl.command.1.tlog
C:\Users\Marc.COOPERSOFTWARE\Dropbox\Dissertation\Code\Project1\Project1\Debug\CL.read.1.tlog
C:\Users\Marc.COOPERSOFTWARE\Dropbox\Dissertation\Code\Project1\Project1\Debug\CL.write.1.tlog
C:\Users\Marc.COOPERSOFTWARE\Dropbox\Dissertation\Code\Project1\Project1\Debug\link-cvtres.read.1.tlog
C:\Users\Marc.COOPERSOFTWARE\Dropbox\Dissertation\Code\Project1\Project1\Debug\link-cvtres.write.1.tlog
C:\Users\Marc.COOPERSOFTWARE\Dropbox\Dissertation\Code\Project1\Project1\Debug\link-rc.read.1.tlog
C:\Users\Marc.COOPERSOFTWARE\Dropbox\Dissertation\Code\Project1\Project1\Debug\link-rc.write.1.tlog
C:\Users\Marc.COOPERSOFTWARE\Dropbox\Dissertation\Code\Project1\Project1\Debug\link.command.1.tlog
C:\Users\Marc.COOPERSOFTWARE\Dropbox\Dissertation\Code\Project1\Project1\Debug\link.read.1.tlog
C:\Users\Marc.COOPERSOFTWARE\Dropbox\Dissertation\Code\Project1\Project1\Debug\link.write.1.tlog
C:\Users\Marc.COOPERSOFTWARE\Dropbox\Dissertation\Code\Project1\Project1\Debug\vc110.idb
C:\Users\Marc.COOPERSOFTWARE\Dropbox\Dissertation\Code\Project1\Project1\Debug\vc110.pdb
C:\Users\Marc.COOPERSOFTWARE\Dropbox\Dissertation\Code\Project1\Debug\Project1.pdb
C:\Users\Marc.COOPERSOFTWARE\Dropbox\Dissertation\Code\Project1\Debug\Project1.exe
C:\Users\Marc.COOPERSOFTWARE\Dropbox\Dissertation\Code\Project1\Debug\Project1.ilk
